This is pdfTeX, Version 3.141592653-2.6-1.40.24 (TeX Live 2022/Arch Linux) (preloaded format=pdflatex 2022.11.8)  10 NOV 2022 01:24
entering extended mode
 restricted \write18 enabled.
 file:line:error style messages enabled.
 %&-line parsing enabled.
**/home/matteo/.repos/t45-doc/D2/doc.tex
(/home/matteo/.repos/t45-doc/D2/doc.tex
LaTeX2e <2021-11-15> patch level 1
L3 programming layer <2022-04-10> (/usr/share/texmf-dist/tex/latex/base/article.cls
Document Class: article 2021/10/04 v1.4n Standard LaTeX document class
(/usr/share/texmf-dist/tex/latex/base/size10.clo
File: size10.clo 2021/10/04 v1.4n Standard LaTeX file (size option)
)
\c@part=\count185
\c@section=\count186
\c@subsection=\count187
\c@subsubsection=\count188
\c@paragraph=\count189
\c@subparagraph=\count190
\c@figure=\count191
\c@table=\count192
\abovecaptionskip=\skip47
\belowcaptionskip=\skip48
\bibindent=\dimen138
) (/usr/share/texmf-dist/tex/latex/base/inputenc.sty
Package: inputenc 2021/02/14 v1.3d Input encoding file
\inpenc@prehook=\toks16
\inpenc@posthook=\toks17
) (/usr/share/texmf-dist/tex/latex/amsmath/amsmath.sty
Package: amsmath 2021/10/15 v2.17l AMS math features
\@mathmargin=\skip49

For additional information on amsmath, use the `?' option.
(/usr/share/texmf-dist/tex/latex/amsmath/amstext.sty
Package: amstext 2021/08/26 v2.01 AMS text
 (/usr/share/texmf-dist/tex/latex/amsmath/amsgen.sty
File: amsgen.sty 1999/11/30 v2.0 generic functions
\@emptytoks=\toks18
\ex@=\dimen139
)) (/usr/share/texmf-dist/tex/latex/amsmath/amsbsy.sty
Package: amsbsy 1999/11/29 v1.2d Bold Symbols
\pmbraise@=\dimen140
) (/usr/share/texmf-dist/tex/latex/amsmath/amsopn.sty
Package: amsopn 2021/08/26 v2.02 operator names
)
\inf@bad=\count193
LaTeX Info: Redefining \frac on input line 234.
\uproot@=\count194
\leftroot@=\count195
LaTeX Info: Redefining \overline on input line 399.
\classnum@=\count196
\DOTSCASE@=\count197
LaTeX Info: Redefining \ldots on input line 496.
LaTeX Info: Redefining \dots on input line 499.
LaTeX Info: Redefining \cdots on input line 620.
\Mathstrutbox@=\box50
\strutbox@=\box51
\big@size=\dimen141
LaTeX Font Info:    Redeclaring font encoding OML on input line 743.
LaTeX Font Info:    Redeclaring font encoding OMS on input line 744.
\macc@depth=\count198
\c@MaxMatrixCols=\count199
\dotsspace@=\muskip16
\c@parentequation=\count266
\dspbrk@lvl=\count267
\tag@help=\toks19
\row@=\count268
\column@=\count269
\maxfields@=\count270
\andhelp@=\toks20
\eqnshift@=\dimen142
\alignsep@=\dimen143
\tagshift@=\dimen144
\tagwidth@=\dimen145
\totwidth@=\dimen146
\lineht@=\dimen147
\@envbody=\toks21
\multlinegap=\skip50
\multlinetaggap=\skip51
\mathdisplay@stack=\toks22
LaTeX Info: Redefining \[ on input line 2938.
LaTeX Info: Redefining \] on input line 2939.
) (/usr/share/texmf-dist/tex/latex/amsfonts/amsfonts.sty
Package: amsfonts 2013/01/14 v3.01 Basic AMSFonts support
\symAMSa=\mathgroup4
\symAMSb=\mathgroup5
LaTeX Font Info:    Redeclaring math symbol \hbar on input line 98.
LaTeX Font Info:    Overwriting math alphabet `\mathfrak' in version `bold'
(Font)                  U/euf/m/n --> U/euf/b/n on input line 106.
) (/usr/share/texmf-dist/tex/latex/amsfonts/amssymb.sty
Package: amssymb 2013/01/14 v3.01 AMS font symbols
) (/usr/share/texmf-dist/tex/latex/graphics/graphicx.sty
Package: graphicx 2021/09/16 v1.2d Enhanced LaTeX Graphics (DPC,SPQR)
 (/usr/share/texmf-dist/tex/latex/graphics/keyval.sty
Package: keyval 2014/10/28 v1.15 key=value parser (DPC)
\KV@toks@=\toks23
) (/usr/share/texmf-dist/tex/latex/graphics/graphics.sty
Package: graphics 2021/03/04 v1.4d Standard LaTeX Graphics (DPC,SPQR)
 (/usr/share/texmf-dist/tex/latex/graphics/trig.sty
Package: trig 2021/08/11 v1.11 sin cos tan (DPC)
) (/usr/share/texmf-dist/tex/latex/graphics-cfg/graphics.cfg
File: graphics.cfg 2016/06/04 v1.11 sample graphics configuration
)
Package graphics Info: Driver file: pdftex.def on input line 107.
 (/usr/share/texmf-dist/tex/latex/graphics-def/pdftex.def
File: pdftex.def 2020/10/05 v1.2a Graphics/color driver for pdftex
))
\Gin@req@height=\dimen148
\Gin@req@width=\dimen149
) (/usr/share/texmf-dist/tex/latex/xcolor/xcolor.sty
Package: xcolor 2021/10/31 v2.13 LaTeX color extensions (UK)
 (/usr/share/texmf-dist/tex/latex/graphics-cfg/color.cfg
File: color.cfg 2016/01/02 v1.6 sample color configuration
)
Package xcolor Info: Driver file: pdftex.def on input line 227.
 (/usr/share/texmf-dist/tex/latex/colortbl/colortbl.sty
Package: colortbl 2020/01/04 v1.0e Color table columns (DPC)
 (/usr/share/texmf-dist/tex/latex/tools/array.sty
Package: array 2021/10/04 v2.5f Tabular extension package (FMi)
\col@sep=\dimen150
\ar@mcellbox=\box52
\extrarowheight=\dimen151
\NC@list=\toks24
\extratabsurround=\skip52
\backup@length=\skip53
\ar@cellbox=\box53
)
\everycr=\toks25
\minrowclearance=\skip54
)
\rownum=\count271
Package xcolor Info: Model `cmy' substituted by `cmy0' on input line 1352.
Package xcolor Info: Model `hsb' substituted by `rgb' on input line 1356.
Package xcolor Info: Model `RGB' extended on input line 1368.
Package xcolor Info: Model `HTML' substituted by `rgb' on input line 1370.
Package xcolor Info: Model `Hsb' substituted by `hsb' on input line 1371.
Package xcolor Info: Model `tHsb' substituted by `hsb' on input line 1372.
Package xcolor Info: Model `HSB' substituted by `hsb' on input line 1373.
Package xcolor Info: Model `Gray' substituted by `gray' on input line 1374.
Package xcolor Info: Model `wave' substituted by `hsb' on input line 1375.
) (/usr/share/texmf-dist/tex/latex/hyperref/hyperref.sty
Package: hyperref 2022-02-21 v7.00n Hypertext links for LaTeX
 (/usr/share/texmf-dist/tex/generic/ltxcmds/ltxcmds.sty
Package: ltxcmds 2020-05-10 v1.25 LaTeX kernel commands for general use (HO)
) (/usr/share/texmf-dist/tex/generic/iftex/iftex.sty
Package: iftex 2022/02/03 v1.0f TeX engine tests
) (/usr/share/texmf-dist/tex/generic/pdftexcmds/pdftexcmds.sty
Package: pdftexcmds 2020-06-27 v0.33 Utility functions of pdfTeX for LuaTeX (HO)
 (/usr/share/texmf-dist/tex/generic/infwarerr/infwarerr.sty
Package: infwarerr 2019/12/03 v1.5 Providing info/warning/error messages (HO)
)
Package pdftexcmds Info: \pdf@primitive is available.
Package pdftexcmds Info: \pdf@ifprimitive is available.
Package pdftexcmds Info: \pdfdraftmode found.
) (/usr/share/texmf-dist/tex/generic/kvsetkeys/kvsetkeys.sty
Package: kvsetkeys 2019/12/15 v1.18 Key value parser (HO)
) (/usr/share/texmf-dist/tex/generic/kvdefinekeys/kvdefinekeys.sty
Package: kvdefinekeys 2019-12-19 v1.6 Define keys (HO)
) (/usr/share/texmf-dist/tex/generic/pdfescape/pdfescape.sty
Package: pdfescape 2019/12/09 v1.15 Implements pdfTeX's escape features (HO)
) (/usr/share/texmf-dist/tex/latex/hycolor/hycolor.sty
Package: hycolor 2020-01-27 v1.10 Color options for hyperref/bookmark (HO)
) (/usr/share/texmf-dist/tex/latex/letltxmacro/letltxmacro.sty
Package: letltxmacro 2019/12/03 v1.6 Let assignment for LaTeX macros (HO)
) (/usr/share/texmf-dist/tex/latex/auxhook/auxhook.sty
Package: auxhook 2019-12-17 v1.6 Hooks for auxiliary files (HO)
) (/usr/share/texmf-dist/tex/latex/kvoptions/kvoptions.sty
Package: kvoptions 2020-10-07 v3.14 Key value format for package options (HO)
)
\@linkdim=\dimen152
\Hy@linkcounter=\count272
\Hy@pagecounter=\count273
 (/usr/share/texmf-dist/tex/latex/hyperref/pd1enc.def
File: pd1enc.def 2022-02-21 v7.00n Hyperref: PDFDocEncoding definition (HO)
Now handling font encoding PD1 ...
... no UTF-8 mapping file for font encoding PD1
) (/usr/share/texmf-dist/tex/generic/intcalc/intcalc.sty
Package: intcalc 2019/12/15 v1.3 Expandable calculations with integers (HO)
) (/usr/share/texmf-dist/tex/generic/etexcmds/etexcmds.sty
Package: etexcmds 2019/12/15 v1.7 Avoid name clashes with e-TeX commands (HO)
)
\Hy@SavedSpaceFactor=\count274
 (/usr/share/texmf-dist/tex/latex/hyperref/puenc.def
File: puenc.def 2022-02-21 v7.00n Hyperref: PDF Unicode definition (HO)
Now handling font encoding PU ...
... no UTF-8 mapping file for font encoding PU
)
Package hyperref Info: Option `bookmarks' set `true' on input line 4018.
Package hyperref Info: Option `hypertexnames' set `false' on input line 4018.
Package hyperref Info: Option `debug' set `true' on input line 4018.
Package hyperref Info: Option `linktocpage' set `true' on input line 4018.
Package hyperref Info: Hyper figures OFF on input line 4137.
Package hyperref Info: Link nesting OFF on input line 4142.
Package hyperref Info: Hyper index ON on input line 4145.
Package hyperref Info: Plain pages OFF on input line 4152.
Package hyperref Info: Backreferencing OFF on input line 4157.
Package hyperref Info: Implicit mode ON; LaTeX internals redefined.
Package hyperref Info: Bookmarks ON on input line 4390.
\c@Hy@tempcnt=\count275
 (/usr/share/texmf-dist/tex/latex/url/url.sty
\Urlmuskip=\muskip17
Package: url 2013/09/16  ver 3.4  Verb mode for urls, etc.
)
LaTeX Info: Redefining \url on input line 4749.
\XeTeXLinkMargin=\dimen153
 (/usr/share/texmf-dist/tex/generic/bitset/bitset.sty
Package: bitset 2019/12/09 v1.3 Handle bit-vector datatype (HO)
 (/usr/share/texmf-dist/tex/generic/bigintcalc/bigintcalc.sty
Package: bigintcalc 2019/12/15 v1.5 Expandable calculations on big integers (HO)
))
\Fld@menulength=\count276
\Field@Width=\dimen154
\Fld@charsize=\dimen155
Package hyperref Info: Hyper figures OFF on input line 6027.
Package hyperref Info: Link nesting OFF on input line 6032.
Package hyperref Info: Hyper index ON on input line 6035.
Package hyperref Info: backreferencing OFF on input line 6042.
Package hyperref Info: Link coloring OFF on input line 6047.
Package hyperref Info: Link coloring with OCG OFF on input line 6052.
Package hyperref Info: PDF/A mode OFF on input line 6057.
LaTeX Info: Redefining \ref on input line 6097.
LaTeX Info: Redefining \pageref on input line 6101.
 (/usr/share/texmf-dist/tex/latex/base/atbegshi-ltx.sty
Package: atbegshi-ltx 2021/01/10 v1.0c Emulation of the original atbegshi
package with kernel methods
)
\Hy@abspage=\count277
\c@Item=\count278
\c@Hfootnote=\count279
)
Package hyperref Info: Driver (autodetected): hpdftex.
 (/usr/share/texmf-dist/tex/latex/hyperref/hpdftex.def
File: hpdftex.def 2022-02-21 v7.00n Hyperref driver for pdfTeX
 (/usr/share/texmf-dist/tex/latex/base/atveryend-ltx.sty
Package: atveryend-ltx 2020/08/19 v1.0a Emulation of the original atveryend package
with kernel methods
)
\Fld@listcount=\count280
\c@bookmark@seq@number=\count281
 (/usr/share/texmf-dist/tex/latex/rerunfilecheck/rerunfilecheck.sty
Package: rerunfilecheck 2019/12/05 v1.9 Rerun checks for auxiliary files (HO)
 (/usr/share/texmf-dist/tex/generic/uniquecounter/uniquecounter.sty
Package: uniquecounter 2019/12/15 v1.4 Provide unlimited unique counter (HO)
)
Package uniquecounter Info: New unique counter `rerunfilecheck' on input line 286.
)
\Hy@SectionHShift=\skip55
) (/usr/share/texmf-dist/tex/latex/placeins/placeins.sty
Package: placeins 2005/04/18  v 2.2
) (/usr/share/texmf-dist/tex/latex/tools/tabularx.sty
Package: tabularx 2020/01/15 v2.11c `tabularx' package (DPC)
\TX@col@width=\dimen156
\TX@old@table=\dimen157
\TX@old@col=\dimen158
\TX@target=\dimen159
\TX@delta=\dimen160
\TX@cols=\count282
\TX@ftn=\toks26
)
Package hyperref Info: Option `colorlinks' set `true' on input line 19.
 (/usr/share/texmf-dist/tex/latex/pgf/frontendlayer/tikz.sty (/usr/share/texmf-dist/tex/latex/pgf/basiclayer/pgf.sty (/usr/share/texmf-dist/tex/latex/pgf/utilities/pgfrcs.sty (/usr/share/texmf-dist/tex/generic/pgf/utilities/pgfutil-common.tex
\pgfutil@everybye=\toks27
\pgfutil@tempdima=\dimen161
\pgfutil@tempdimb=\dimen162
 (/usr/share/texmf-dist/tex/generic/pgf/utilities/pgfutil-common-lists.tex)) (/usr/share/texmf-dist/tex/generic/pgf/utilities/pgfutil-latex.def
\pgfutil@abb=\box54
) (/usr/share/texmf-dist/tex/generic/pgf/utilities/pgfrcs.code.tex (/usr/share/texmf-dist/tex/generic/pgf/pgf.revision.tex)
Package: pgfrcs 2021/05/15 v3.1.9a (3.1.9a)
))
Package: pgf 2021/05/15 v3.1.9a (3.1.9a)
 (/usr/share/texmf-dist/tex/latex/pgf/basiclayer/pgfcore.sty (/usr/share/texmf-dist/tex/latex/pgf/systemlayer/pgfsys.sty (/usr/share/texmf-dist/tex/generic/pgf/systemlayer/pgfsys.code.tex
Package: pgfsys 2021/05/15 v3.1.9a (3.1.9a)
 (/usr/share/texmf-dist/tex/generic/pgf/utilities/pgfkeys.code.tex
\pgfkeys@pathtoks=\toks28
\pgfkeys@temptoks=\toks29
 (/usr/share/texmf-dist/tex/generic/pgf/utilities/pgfkeysfiltered.code.tex
\pgfkeys@tmptoks=\toks30
))
\pgf@x=\dimen163
\pgf@y=\dimen164
\pgf@xa=\dimen165
\pgf@ya=\dimen166
\pgf@xb=\dimen167
\pgf@yb=\dimen168
\pgf@xc=\dimen169
\pgf@yc=\dimen170
\pgf@xd=\dimen171
\pgf@yd=\dimen172
\w@pgf@writea=\write3
\r@pgf@reada=\read2
\c@pgf@counta=\count283
\c@pgf@countb=\count284
\c@pgf@countc=\count285
\c@pgf@countd=\count286
\t@pgf@toka=\toks31
\t@pgf@tokb=\toks32
\t@pgf@tokc=\toks33
\pgf@sys@id@count=\count287
 (/usr/share/texmf-dist/tex/generic/pgf/systemlayer/pgf.cfg
File: pgf.cfg 2021/05/15 v3.1.9a (3.1.9a)
)
Driver file for pgf: pgfsys-pdftex.def
 (/usr/share/texmf-dist/tex/generic/pgf/systemlayer/pgfsys-pdftex.def
File: pgfsys-pdftex.def 2021/05/15 v3.1.9a (3.1.9a)
 (/usr/share/texmf-dist/tex/generic/pgf/systemlayer/pgfsys-common-pdf.def
File: pgfsys-common-pdf.def 2021/05/15 v3.1.9a (3.1.9a)
))) (/usr/share/texmf-dist/tex/generic/pgf/systemlayer/pgfsyssoftpath.code.tex
File: pgfsyssoftpath.code.tex 2021/05/15 v3.1.9a (3.1.9a)
\pgfsyssoftpath@smallbuffer@items=\count288
\pgfsyssoftpath@bigbuffer@items=\count289
) (/usr/share/texmf-dist/tex/generic/pgf/systemlayer/pgfsysprotocol.code.tex
File: pgfsysprotocol.code.tex 2021/05/15 v3.1.9a (3.1.9a)
)) (/usr/share/texmf-dist/tex/generic/pgf/basiclayer/pgfcore.code.tex
Package: pgfcore 2021/05/15 v3.1.9a (3.1.9a)
 (/usr/share/texmf-dist/tex/generic/pgf/math/pgfmath.code.tex (/usr/share/texmf-dist/tex/generic/pgf/math/pgfmathcalc.code.tex (/usr/share/texmf-dist/tex/generic/pgf/math/pgfmathutil.code.tex) (/usr/share/texmf-dist/tex/generic/pgf/math/pgfmathparser.code.tex
\pgfmath@dimen=\dimen173
\pgfmath@count=\count290
\pgfmath@box=\box55
\pgfmath@toks=\toks34
\pgfmath@stack@operand=\toks35
\pgfmath@stack@operation=\toks36
) (/usr/share/texmf-dist/tex/generic/pgf/math/pgfmathfunctions.code.tex (/usr/share/texmf-dist/tex/generic/pgf/math/pgfmathfunctions.basic.code.tex) (/usr/share/texmf-dist/tex/generic/pgf/math/pgfmathfunctions.trigonometric.code.tex) (/usr/share/texmf-dist/tex/generic/pgf/math/pgfmathfunctions.random.code.tex) (/usr/share/texmf-dist/tex/generic/pgf/math/pgfmathfunctions.comparison.code.tex) (/usr/share/texmf-dist/tex/generic/pgf/math/pgfmathfunctions.base.code.tex) (/usr/share/texmf-dist/tex/generic/pgf/math/pgfmathfunctions.round.code.tex) (/usr/share/texmf-dist/tex/generic/pgf/math/pgfmathfunctions.misc.code.tex) (/usr/share/texmf-dist/tex/generic/pgf/math/pgfmathfunctions.integerarithmetics.code.tex))) (/usr/share/texmf-dist/tex/generic/pgf/math/pgfmathfloat.code.tex
\c@pgfmathroundto@lastzeros=\count291
)) (/usr/share/texmf-dist/tex/generic/pgf/math/pgfint.code.tex) (/usr/share/texmf-dist/tex/generic/pgf/basiclayer/pgfcorepoints.code.tex
File: pgfcorepoints.code.tex 2021/05/15 v3.1.9a (3.1.9a)
\pgf@picminx=\dimen174
\pgf@picmaxx=\dimen175
\pgf@picminy=\dimen176
\pgf@picmaxy=\dimen177
\pgf@pathminx=\dimen178
\pgf@pathmaxx=\dimen179
\pgf@pathminy=\dimen180
\pgf@pathmaxy=\dimen181
\pgf@xx=\dimen182
\pgf@xy=\dimen183
\pgf@yx=\dimen184
\pgf@yy=\dimen185
\pgf@zx=\dimen186
\pgf@zy=\dimen187
) (/usr/share/texmf-dist/tex/generic/pgf/basiclayer/pgfcorepathconstruct.code.tex
File: pgfcorepathconstruct.code.tex 2021/05/15 v3.1.9a (3.1.9a)
\pgf@path@lastx=\dimen188
\pgf@path@lasty=\dimen189
) (/usr/share/texmf-dist/tex/generic/pgf/basiclayer/pgfcorepathusage.code.tex
File: pgfcorepathusage.code.tex 2021/05/15 v3.1.9a (3.1.9a)
\pgf@shorten@end@additional=\dimen190
\pgf@shorten@start@additional=\dimen191
) (/usr/share/texmf-dist/tex/generic/pgf/basiclayer/pgfcorescopes.code.tex
File: pgfcorescopes.code.tex 2021/05/15 v3.1.9a (3.1.9a)
\pgfpic=\box56
\pgf@hbox=\box57
\pgf@layerbox@main=\box58
\pgf@picture@serial@count=\count292
) (/usr/share/texmf-dist/tex/generic/pgf/basiclayer/pgfcoregraphicstate.code.tex
File: pgfcoregraphicstate.code.tex 2021/05/15 v3.1.9a (3.1.9a)
\pgflinewidth=\dimen192
) (/usr/share/texmf-dist/tex/generic/pgf/basiclayer/pgfcoretransformations.code.tex
File: pgfcoretransformations.code.tex 2021/05/15 v3.1.9a (3.1.9a)
\pgf@pt@x=\dimen193
\pgf@pt@y=\dimen194
\pgf@pt@temp=\dimen195
) (/usr/share/texmf-dist/tex/generic/pgf/basiclayer/pgfcorequick.code.tex
File: pgfcorequick.code.tex 2021/05/15 v3.1.9a (3.1.9a)
) (/usr/share/texmf-dist/tex/generic/pgf/basiclayer/pgfcoreobjects.code.tex
File: pgfcoreobjects.code.tex 2021/05/15 v3.1.9a (3.1.9a)
) (/usr/share/texmf-dist/tex/generic/pgf/basiclayer/pgfcorepathprocessing.code.tex
File: pgfcorepathprocessing.code.tex 2021/05/15 v3.1.9a (3.1.9a)
) (/usr/share/texmf-dist/tex/generic/pgf/basiclayer/pgfcorearrows.code.tex
File: pgfcorearrows.code.tex 2021/05/15 v3.1.9a (3.1.9a)
\pgfarrowsep=\dimen196
) (/usr/share/texmf-dist/tex/generic/pgf/basiclayer/pgfcoreshade.code.tex
File: pgfcoreshade.code.tex 2021/05/15 v3.1.9a (3.1.9a)
\pgf@max=\dimen197
\pgf@sys@shading@range@num=\count293
\pgf@shadingcount=\count294
) (/usr/share/texmf-dist/tex/generic/pgf/basiclayer/pgfcoreimage.code.tex
File: pgfcoreimage.code.tex 2021/05/15 v3.1.9a (3.1.9a)
 (/usr/share/texmf-dist/tex/generic/pgf/basiclayer/pgfcoreexternal.code.tex
File: pgfcoreexternal.code.tex 2021/05/15 v3.1.9a (3.1.9a)
\pgfexternal@startupbox=\box59
)) (/usr/share/texmf-dist/tex/generic/pgf/basiclayer/pgfcorelayers.code.tex
File: pgfcorelayers.code.tex 2021/05/15 v3.1.9a (3.1.9a)
) (/usr/share/texmf-dist/tex/generic/pgf/basiclayer/pgfcoretransparency.code.tex
File: pgfcoretransparency.code.tex 2021/05/15 v3.1.9a (3.1.9a)
) (/usr/share/texmf-dist/tex/generic/pgf/basiclayer/pgfcorepatterns.code.tex
File: pgfcorepatterns.code.tex 2021/05/15 v3.1.9a (3.1.9a)
) (/usr/share/texmf-dist/tex/generic/pgf/basiclayer/pgfcorerdf.code.tex
File: pgfcorerdf.code.tex 2021/05/15 v3.1.9a (3.1.9a)
))) (/usr/share/texmf-dist/tex/generic/pgf/modules/pgfmoduleshapes.code.tex
File: pgfmoduleshapes.code.tex 2021/05/15 v3.1.9a (3.1.9a)
\pgfnodeparttextbox=\box60
) (/usr/share/texmf-dist/tex/generic/pgf/modules/pgfmoduleplot.code.tex
File: pgfmoduleplot.code.tex 2021/05/15 v3.1.9a (3.1.9a)
) (/usr/share/texmf-dist/tex/latex/pgf/compatibility/pgfcomp-version-0-65.sty
Package: pgfcomp-version-0-65 2021/05/15 v3.1.9a (3.1.9a)
\pgf@nodesepstart=\dimen198
\pgf@nodesepend=\dimen199
) (/usr/share/texmf-dist/tex/latex/pgf/compatibility/pgfcomp-version-1-18.sty
Package: pgfcomp-version-1-18 2021/05/15 v3.1.9a (3.1.9a)
)) (/usr/share/texmf-dist/tex/latex/pgf/utilities/pgffor.sty (/usr/share/texmf-dist/tex/latex/pgf/utilities/pgfkeys.sty (/usr/share/texmf-dist/tex/generic/pgf/utilities/pgfkeys.code.tex)) (/usr/share/texmf-dist/tex/latex/pgf/math/pgfmath.sty (/usr/share/texmf-dist/tex/generic/pgf/math/pgfmath.code.tex)) (/usr/share/texmf-dist/tex/generic/pgf/utilities/pgffor.code.tex
Package: pgffor 2021/05/15 v3.1.9a (3.1.9a)
 (/usr/share/texmf-dist/tex/generic/pgf/math/pgfmath.code.tex)
\pgffor@iter=\dimen256
\pgffor@skip=\dimen257
\pgffor@stack=\toks37
\pgffor@toks=\toks38
)) (/usr/share/texmf-dist/tex/generic/pgf/frontendlayer/tikz/tikz.code.tex
Package: tikz 2021/05/15 v3.1.9a (3.1.9a)
 (/usr/share/texmf-dist/tex/generic/pgf/libraries/pgflibraryplothandlers.code.tex
File: pgflibraryplothandlers.code.tex 2021/05/15 v3.1.9a (3.1.9a)
\pgf@plot@mark@count=\count295
\pgfplotmarksize=\dimen258
)
\tikz@lastx=\dimen259
\tikz@lasty=\dimen260
\tikz@lastxsaved=\dimen261
\tikz@lastysaved=\dimen262
\tikz@lastmovetox=\dimen263
\tikz@lastmovetoy=\dimen264
\tikzleveldistance=\dimen265
\tikzsiblingdistance=\dimen266
\tikz@figbox=\box61
\tikz@figbox@bg=\box62
\tikz@tempbox=\box63
\tikz@tempbox@bg=\box64
\tikztreelevel=\count296
\tikznumberofchildren=\count297
\tikznumberofcurrentchild=\count298
\tikz@fig@count=\count299
 (/usr/share/texmf-dist/tex/generic/pgf/modules/pgfmodulematrix.code.tex
File: pgfmodulematrix.code.tex 2021/05/15 v3.1.9a (3.1.9a)
\pgfmatrixcurrentrow=\count300
\pgfmatrixcurrentcolumn=\count301
\pgf@matrix@numberofcolumns=\count302
)
\tikz@expandcount=\count303
 (/usr/share/texmf-dist/tex/generic/pgf/frontendlayer/tikz/libraries/tikzlibrarytopaths.code.tex
File: tikzlibrarytopaths.code.tex 2021/05/15 v3.1.9a (3.1.9a)
))) (/usr/share/texmf-dist/tex/latex/geometry/geometry.sty
Package: geometry 2020/01/02 v5.9 Page Geometry
 (/usr/share/texmf-dist/tex/generic/iftex/ifvtex.sty
Package: ifvtex 2019/10/25 v1.7 ifvtex legacy package. Use iftex instead.
)
\Gm@cnth=\count304
\Gm@cntv=\count305
\c@Gm@tempcnt=\count306
\Gm@bindingoffset=\dimen267
\Gm@wd@mp=\dimen268
\Gm@odd@mp=\dimen269
\Gm@even@mp=\dimen270
\Gm@layoutwidth=\dimen271
\Gm@layoutheight=\dimen272
\Gm@layouthoffset=\dimen273
\Gm@layoutvoffset=\dimen274
\Gm@dimlist=\toks39
) (/usr/share/texmf-dist/tex/latex/l3backend/l3backend-pdftex.def
File: l3backend-pdftex.def 2022-04-14 L3 backend support: PDF output (pdfTeX)
\l__color_backend_stack_int=\count307
\l__pdf_internal_box=\box65
) (./doc.aux

LaTeX Warning: Label `rf_1' multiply defined.


LaTeX Warning: Label `rf_1' multiply defined.


LaTeX Warning: Label `rf_3' multiply defined.


LaTeX Warning: Label `rf_4' multiply defined.


LaTeX Warning: Label `rf_5' multiply defined.


LaTeX Warning: Label `rf_6' multiply defined.


LaTeX Warning: Label `rf_8' multiply defined.


LaTeX Warning: Label `rf_9' multiply defined.

)
\openout1 = `doc.aux'.

LaTeX Font Info:    Checking defaults for OML/cmm/m/it on input line 42.
LaTeX Font Info:    ... okay on input line 42.
LaTeX Font Info:    Checking defaults for OMS/cmsy/m/n on input line 42.
LaTeX Font Info:    ... okay on input line 42.
LaTeX Font Info:    Checking defaults for OT1/cmr/m/n on input line 42.
LaTeX Font Info:    ... okay on input line 42.
LaTeX Font Info:    Checking defaults for T1/cmr/m/n on input line 42.
LaTeX Font Info:    ... okay on input line 42.
LaTeX Font Info:    Checking defaults for TS1/cmr/m/n on input line 42.
LaTeX Font Info:    ... okay on input line 42.
LaTeX Font Info:    Checking defaults for OMX/cmex/m/n on input line 42.
LaTeX Font Info:    ... okay on input line 42.
LaTeX Font Info:    Checking defaults for U/cmr/m/n on input line 42.
LaTeX Font Info:    ... okay on input line 42.
LaTeX Font Info:    Checking defaults for PD1/pdf/m/n on input line 42.
LaTeX Font Info:    ... okay on input line 42.
LaTeX Font Info:    Checking defaults for PU/pdf/m/n on input line 42.
LaTeX Font Info:    ... okay on input line 42.
 (/usr/share/texmf-dist/tex/context/base/mkii/supp-pdf.mkii
[Loading MPS to PDF converter (version 2006.09.02).]
\scratchcounter=\count308
\scratchdimen=\dimen275
\scratchbox=\box66
\nofMPsegments=\count309
\nofMParguments=\count310
\everyMPshowfont=\toks40
\MPscratchCnt=\count311
\MPscratchDim=\dimen276
\MPnumerator=\count312
\makeMPintoPDFobject=\count313
\everyMPtoPDFconversion=\toks41
) (/usr/share/texmf-dist/tex/latex/epstopdf-pkg/epstopdf-base.sty
Package: epstopdf-base 2020-01-24 v2.11 Base part for package epstopdf
Package epstopdf-base Info: Redefining graphics rule for `.eps' on input line 485.
 (/usr/share/texmf-dist/tex/latex/latexconfig/epstopdf-sys.cfg
File: epstopdf-sys.cfg 2010/07/13 v1.3 Configuration of (r)epstopdf for TeX Live
))
Package hyperref Info: Link coloring ON on input line 42.
 (/usr/share/texmf-dist/tex/latex/hyperref/nameref.sty
Package: nameref 2021-04-02 v2.47 Cross-referencing by name of section
 (/usr/share/texmf-dist/tex/latex/refcount/refcount.sty
Package: refcount 2019/12/15 v3.6 Data extraction from label references (HO)
) (/usr/share/texmf-dist/tex/generic/gettitlestring/gettitlestring.sty
Package: gettitlestring 2019/12/15 v1.6 Cleanup title references (HO)
)
\c@section@level=\count314
)
LaTeX Info: Redefining \ref on input line 42.
LaTeX Info: Redefining \pageref on input line 42.
LaTeX Info: Redefining \nameref on input line 42.
 (./doc.out) (./doc.out)
\@outlinefile=\write4
\openout4 = `doc.out'.

Package hyperref Info: Anchor `Doc-Start' on input line 42.

*geometry* driver: auto-detecting
*geometry* detected driver: pdftex
*geometry* verbose mode - [ preamble ] result:
* driver: pdftex
* paper: a4paper
* layout: <same size as paper>
* layoutoffset:(h,v)=(0.0pt,0.0pt)
* modes: 
* h-part:(L,W,R)=(56.9055pt, 483.69687pt, 56.9055pt)
* v-part:(T,H,B)=(56.9055pt, 731.23584pt, 56.9055pt)
* \paperwidth=597.50787pt
* \paperheight=845.04684pt
* \textwidth=483.69687pt
* \textheight=731.23584pt
* \oddsidemargin=-15.36449pt
* \evensidemargin=-15.36449pt
* \topmargin=-52.36449pt
* \headheight=12.0pt
* \headsep=25.0pt
* \topskip=10.0pt
* \footskip=30.0pt
* \marginparwidth=65.0pt
* \marginparsep=11.0pt
* \columnsep=10.0pt
* \skip\footins=9.0pt plus 4.0pt minus 2.0pt
* \hoffset=0.0pt
* \voffset=0.0pt
* \mag=1000
* \@twocolumnfalse
* \@twosidefalse
* \@mparswitchfalse
* \@reversemarginfalse
* (1in=72.27pt=25.4mm, 1cm=28.453pt)

LaTeX Font Info:    Trying to load font information for U+msa on input line 45.
(/usr/share/texmf-dist/tex/latex/amsfonts/umsa.fd
File: umsa.fd 2013/01/14 v3.01 AMS symbols A
)
LaTeX Font Info:    Trying to load font information for U+msb on input line 45.
 (/usr/share/texmf-dist/tex/latex/amsfonts/umsb.fd
File: umsb.fd 2013/01/14 v3.01 AMS symbols B
)
Package hyperref Info: Anchor `page.1' on input line 46.
 [1

{/var/lib/texmf/fonts/map/pdftex/updmap/pdftex.map}]
Package hyperref Info: Anchor `section*.1' on input line 47.
 (./doc.toc
Package hyperref Info: Reference (link) `section.2' on input line 1.
Package hyperref Info: Reference (link) `section.2' on input line 1.
Package hyperref Info: Reference (link) `section.3' on input line 2.
Package hyperref Info: Reference (link) `section.3' on input line 2.
Package hyperref Info: Reference (link) `subsection.4' on input line 3.
Package hyperref Info: Reference (link) `subsection.4' on input line 3.
Package hyperref Info: Reference (link) `subsubsection.5' on input line 4.
Package hyperref Info: Reference (link) `subsubsection.5' on input line 4.
Package hyperref Info: Reference (link) `subsection.6' on input line 5.
Package hyperref Info: Reference (link) `subsection.6' on input line 5.
Package hyperref Info: Reference (link) `subsubsection.7' on input line 6.
Package hyperref Info: Reference (link) `subsubsection.7' on input line 6.
Package hyperref Info: Reference (link) `subsubsection.8' on input line 7.
Package hyperref Info: Reference (link) `subsubsection.8' on input line 7.
Package hyperref Info: Reference (link) `subsubsection.9' on input line 8.
Package hyperref Info: Reference (link) `subsubsection.9' on input line 8.
Package hyperref Info: Reference (link) `subsubsection.10' on input line 9.
Package hyperref Info: Reference (link) `subsubsection.10' on input line 9.
Package hyperref Info: Reference (link) `subsubsection.11' on input line 10.
Package hyperref Info: Reference (link) `subsubsection.11' on input line 10.
Package hyperref Info: Reference (link) `subsubsection.12' on input line 11.
Package hyperref Info: Reference (link) `subsubsection.12' on input line 11.
Package hyperref Info: Reference (link) `subsubsection.13' on input line 12.
Package hyperref Info: Reference (link) `subsubsection.13' on input line 12.
Package hyperref Info: Reference (link) `subsubsection.14' on input line 13.
Package hyperref Info: Reference (link) `subsubsection.14' on input line 13.
Package hyperref Info: Reference (link) `subsection.15' on input line 14.
Package hyperref Info: Reference (link) `subsection.15' on input line 14.
Package hyperref Info: Reference (link) `subsubsection.16' on input line 15.
Package hyperref Info: Reference (link) `subsubsection.16' on input line 15.
Package hyperref Info: Reference (link) `subsubsection.17' on input line 16.
Package hyperref Info: Reference (link) `subsubsection.17' on input line 16.
Package hyperref Info: Reference (link) `subsubsection.18' on input line 17.
Package hyperref Info: Reference (link) `subsubsection.18' on input line 17.
Package hyperref Info: Reference (link) `subsubsection.19' on input line 18.
Package hyperref Info: Reference (link) `subsubsection.19' on input line 18.
Package hyperref Info: Reference (link) `subsubsection.20' on input line 19.
Package hyperref Info: Reference (link) `subsubsection.20' on input line 19.
Package hyperref Info: Reference (link) `subsubsection.21' on input line 20.
Package hyperref Info: Reference (link) `subsubsection.21' on input line 20.
Package hyperref Info: Reference (link) `subsubsection.22' on input line 21.
Package hyperref Info: Reference (link) `subsubsection.22' on input line 21.
Package hyperref Info: Reference (link) `subsubsection.23' on input line 22.
Package hyperref Info: Reference (link) `subsubsection.23' on input line 22.
Package hyperref Info: Reference (link) `subsubsection.24' on input line 23.
Package hyperref Info: Reference (link) `subsubsection.24' on input line 23.
Package hyperref Info: Reference (link) `subsection.25' on input line 24.
Package hyperref Info: Reference (link) `subsection.25' on input line 24.
Package hyperref Info: Reference (link) `subsubsection.26' on input line 25.
Package hyperref Info: Reference (link) `subsubsection.26' on input line 25.
Package hyperref Info: Reference (link) `section.27' on input line 26.
Package hyperref Info: Reference (link) `section.27' on input line 26.
Package hyperref Info: Reference (link) `subsubsection.28' on input line 27.
Package hyperref Info: Reference (link) `subsubsection.28' on input line 27.
Package hyperref Info: Reference (link) `subsubsection.29' on input line 28.
Package hyperref Info: Reference (link) `subsubsection.29' on input line 28.
Package hyperref Info: Reference (link) `subsubsection.30' on input line 29.
Package hyperref Info: Reference (link) `subsubsection.30' on input line 29.
Package hyperref Info: Reference (link) `subsubsection.31' on input line 30.
Package hyperref Info: Reference (link) `subsubsection.31' on input line 30.
Package hyperref Info: Reference (link) `subsubsection.32' on input line 31.
Package hyperref Info: Reference (link) `subsubsection.32' on input line 31.
Package hyperref Info: Reference (link) `subsubsection.33' on input line 32.
Package hyperref Info: Reference (link) `subsubsection.33' on input line 32.
Package hyperref Info: Reference (link) `subsubsection.34' on input line 33.
Package hyperref Info: Reference (link) `subsubsection.34' on input line 33.
Package hyperref Info: Reference (link) `subsubsection.35' on input line 34.
Package hyperref Info: Reference (link) `subsubsection.35' on input line 34.
Package hyperref Info: Reference (link) `section.36' on input line 35.
Package hyperref Info: Reference (link) `section.36' on input line 35.
Package hyperref Info: Reference (link) `subsection.37' on input line 36.
Package hyperref Info: Reference (link) `subsection.37' on input line 36.
Package hyperref Info: Reference (link) `subsection.38' on input line 37.
Package hyperref Info: Reference (link) `subsection.38' on input line 37.
Package hyperref Info: Reference (link) `section.39' on input line 38.
Package hyperref Info: Reference (link) `section.39' on input line 38.
Package hyperref Info: Reference (link) `subsection.40' on input line 39.
Package hyperref Info: Reference (link) `subsection.40' on input line 39.
Package hyperref Info: Reference (link) `subsection.41' on input line 40.
Package hyperref Info: Reference (link) `subsection.41' on input line 40.
)
\tf@toc=\write5
\openout5 = `doc.toc'.

Package hyperref Info: Anchor `page.2' on input line 48.
 [2

Package `hyperref' Info: End of reference (link) `section.2', line 1.
Package `hyperref' Info: End of reference (link) `section.2', line 1.
Package `hyperref' Info: End of reference (link) `section.3', line 2.
Package `hyperref' Info: End of reference (link) `section.3', line 2.
Package `hyperref' Info: End of reference (link) `subsection.4', line 3.
Package `hyperref' Info: End of reference (link) `subsection.4', line 3.
Package `hyperref' Info: End of reference (link) `subsubsection.5', line 4.
Package `hyperref' Info: End of reference (link) `subsubsection.5', line 4.
Package `hyperref' Info: End of reference (link) `subsection.6', line 5.
Package `hyperref' Info: End of reference (link) `subsection.6', line 5.
Package `hyperref' Info: End of reference (link) `subsubsection.7', line 6.
Package `hyperref' Info: End of reference (link) `subsubsection.7', line 6.
Package `hyperref' Info: End of reference (link) `subsubsection.8', line 7.
Package `hyperref' Info: End of reference (link) `subsubsection.8', line 7.
Package `hyperref' Info: End of reference (link) `subsubsection.9', line 8.
Package `hyperref' Info: End of reference (link) `subsubsection.9', line 8.
Package `hyperref' Info: End of reference (link) `subsubsection.10', line 9.
Package `hyperref' Info: End of reference (link) `subsubsection.10', line 9.
Package `hyperref' Info: End of reference (link) `subsubsection.11', line 10.
Package `hyperref' Info: End of reference (link) `subsubsection.11', line 10.
Package `hyperref' Info: End of reference (link) `subsubsection.12', line 11.
Package `hyperref' Info: End of reference (link) `subsubsection.12', line 11.
Package `hyperref' Info: End of reference (link) `subsubsection.13', line 12.
Package `hyperref' Info: End of reference (link) `subsubsection.13', line 12.
Package `hyperref' Info: End of reference (link) `subsubsection.14', line 13.
Package `hyperref' Info: End of reference (link) `subsubsection.14', line 13.
Package `hyperref' Info: End of reference (link) `subsection.15', line 14.
Package `hyperref' Info: End of reference (link) `subsection.15', line 14.
Package `hyperref' Info: End of reference (link) `subsubsection.16', line 15.
Package `hyperref' Info: End of reference (link) `subsubsection.16', line 15.
Package `hyperref' Info: End of reference (link) `subsubsection.17', line 16.
Package `hyperref' Info: End of reference (link) `subsubsection.17', line 16.
Package `hyperref' Info: End of reference (link) `subsubsection.18', line 17.
Package `hyperref' Info: End of reference (link) `subsubsection.18', line 17.
Package `hyperref' Info: End of reference (link) `subsubsection.19', line 18.
Package `hyperref' Info: End of reference (link) `subsubsection.19', line 18.
Package `hyperref' Info: End of reference (link) `subsubsection.20', line 19.
Package `hyperref' Info: End of reference (link) `subsubsection.20', line 19.
Package `hyperref' Info: End of reference (link) `subsubsection.21', line 20.
Package `hyperref' Info: End of reference (link) `subsubsection.21', line 20.
Package `hyperref' Info: End of reference (link) `subsubsection.22', line 21.
Package `hyperref' Info: End of reference (link) `subsubsection.22', line 21.
Package `hyperref' Info: End of reference (link) `subsubsection.23', line 22.
Package `hyperref' Info: End of reference (link) `subsubsection.23', line 22.
Package `hyperref' Info: End of reference (link) `subsubsection.24', line 23.
Package `hyperref' Info: End of reference (link) `subsubsection.24', line 23.
Package `hyperref' Info: End of reference (link) `subsection.25', line 24.
Package `hyperref' Info: End of reference (link) `subsection.25', line 24.
Package `hyperref' Info: End of reference (link) `subsubsection.26', line 25.
Package `hyperref' Info: End of reference (link) `subsubsection.26', line 25.
Package `hyperref' Info: End of reference (link) `section.27', line 26.
Package `hyperref' Info: End of reference (link) `section.27', line 26.
Package `hyperref' Info: End of reference (link) `subsubsection.28', line 27.
Package `hyperref' Info: End of reference (link) `subsubsection.28', line 27.
Package `hyperref' Info: End of reference (link) `subsubsection.29', line 28.
Package `hyperref' Info: End of reference (link) `subsubsection.29', line 28.
Package `hyperref' Info: End of reference (link) `subsubsection.30', line 29.
Package `hyperref' Info: End of reference (link) `subsubsection.30', line 29.
Package `hyperref' Info: End of reference (link) `subsubsection.31', line 30.
Package `hyperref' Info: End of reference (link) `subsubsection.31', line 30.
Package `hyperref' Info: End of reference (link) `subsubsection.32', line 31.
Package `hyperref' Info: End of reference (link) `subsubsection.32', line 31.
Package `hyperref' Info: End of reference (link) `subsubsection.33', line 32.
Package `hyperref' Info: End of reference (link) `subsubsection.33', line 32.
Package `hyperref' Info: End of reference (link) `subsubsection.34', line 33.
Package `hyperref' Info: End of reference (link) `subsubsection.34', line 33.
Package `hyperref' Info: End of reference (link) `subsubsection.35', line 34.
Package `hyperref' Info: End of reference (link) `subsubsection.35', line 34.
Package `hyperref' Info: End of reference (link) `section.36', line 35.
Package `hyperref' Info: End of reference (link) `section.36', line 35.
Package `hyperref' Info: End of reference (link) `subsection.37', line 36.
Package `hyperref' Info: End of reference (link) `subsection.37', line 36.
Package `hyperref' Info: End of reference (link) `subsection.38', line 37.
Package `hyperref' Info: End of reference (link) `subsection.38', line 37.
Package `hyperref' Info: End of reference (link) `section.39', line 38.
Package `hyperref' Info: End of reference (link) `section.39', line 38.
Package `hyperref' Info: End of reference (link) `subsection.40', line 39.
Package `hyperref' Info: End of reference (link) `subsection.40', line 39.
Package `hyperref' Info: End of reference (link) `subsection.41', line 40.
Package `hyperref' Info: End of reference (link) `subsection.41', line 40.
]
Package hyperref Info: Anchor `section.2' on input line 51.
Package hyperref Info: bookmark on input line 51:
(hyperref)             thecounter {0}
(hyperref)             text {\ifnum 1>\c@secnumdepth \else \protect \numberline {\csname thesection\endcsname }\fi Scopo del documento}
(hyperref)             reference {section.2}
(hyperref)             toclevel {1}
(hyperref)             type {toc}.
Package hyperref Info: Anchor `page.3' on input line 56.
 [3

]
Package hyperref Info: Anchor `section.3' on input line 59.
Package hyperref Info: bookmark on input line 59:
(hyperref)             thecounter {1}
(hyperref)             text {\ifnum 1>\c@secnumdepth \else \protect \numberline {\csname thesection\endcsname }\fi Requisiti Funzionali}
(hyperref)             reference {section.3}
(hyperref)             toclevel {1}
(hyperref)             type {toc}.
Package hyperref Info: Anchor `subsection.4' on input line 72.
Package hyperref Info: bookmark on input line 72:
(hyperref)             thecounter {1.1}
(hyperref)             text {\ifnum 2>\c@secnumdepth \else \protect \numberline {\csname thesubsection\endcsname }\fi Utente Non Registrato}
(hyperref)             reference {subsection.4}
(hyperref)             toclevel {2}
(hyperref)             type {toc}.
Package hyperref Info: Anchor `subsubsection.5' on input line 75.
Package hyperref Info: bookmark on input line 75:
(hyperref)             thecounter {RF 1}
(hyperref)             text {\ifnum 3>\c@secnumdepth \else \protect \numberline {\csname thesubsubsection\endcsname }\fi Visualizzazione Date}
(hyperref)             reference {subsubsection.5}
(hyperref)             toclevel {3}
(hyperref)             type {toc}.
<./media//rf1.png, id=266, 193.72375pt x 82.3075pt>
File: ./media//rf1.png Graphic file (type png)
<use ./media//rf1.png>
Package pdftex.def Info: ./media//rf1.png  used on input line 80.
(pdftex.def)             Requested size: 193.72327pt x 82.30728pt.
Package hyperref Info: Anchor `subsection.6' on input line 88.
Package hyperref Info: bookmark on input line 88:
(hyperref)             thecounter {1.2}
(hyperref)             text {\ifnum 2>\c@secnumdepth \else \protect \numberline {\csname thesubsection\endcsname }\fi Utente Registrato}
(hyperref)             reference {subsection.6}
(hyperref)             toclevel {2}
(hyperref)             type {toc}.
Package hyperref Info: Anchor `subsubsection.7' on input line 90.
Package hyperref Info: bookmark on input line 90:
(hyperref)             thecounter {RF 1}
(hyperref)             text {\ifnum 3>\c@secnumdepth \else \protect \numberline {\csname thesubsubsection\endcsname }\fi Visualizzazione Date}
(hyperref)             reference {subsubsection.7}
(hyperref)             toclevel {3}
(hyperref)             type {toc}.
File: ./media//rf1.png Graphic file (type png)
<use ./media//rf1.png>
Package pdftex.def Info: ./media//rf1.png  used on input line 95.
(pdftex.def)             Requested size: 193.72327pt x 82.30728pt.
Package hyperref Info: Anchor `subsubsection.8' on input line 101.
Package hyperref Info: bookmark on input line 101:
(hyperref)             thecounter {RF 2}
(hyperref)             text {\ifnum 3>\c@secnumdepth \else \protect \numberline {\csname thesubsubsection\endcsname }\fi Prenotazione Sala}
(hyperref)             reference {subsubsection.8}
(hyperref)             toclevel {3}
(hyperref)             type {toc}.
<./media//rf2.png, id=268, 344.28625pt x 127.47626pt>
File: ./media//rf2.png Graphic file (type png)
<use ./media//rf2.png>
Package pdftex.def Info: ./media//rf2.png  used on input line 106.
(pdftex.def)             Requested size: 344.2854pt x 127.47594pt.
Package hyperref Info: Anchor `page.4' on input line 112.
 [4

 <./media//rf1.png> <./media//rf2.png>]
Package hyperref Info: Anchor `subsubsection.9' on input line 114.
Package hyperref Info: bookmark on input line 114:
(hyperref)             thecounter {RF 3}
(hyperref)             text {\ifnum 3>\c@secnumdepth \else \protect \numberline {\csname thesubsubsection\endcsname }\fi Gestione prenotazioni}
(hyperref)             reference {subsubsection.9}
(hyperref)             toclevel {3}
(hyperref)             type {toc}.
<./media//rf3.png, id=276, 515.9275pt x 161.60374pt>
File: ./media//rf3.png Graphic file (type png)
<use ./media//rf3.png>
Package pdftex.def Info: ./media//rf3.png  used on input line 119.
(pdftex.def)             Requested size: 483.69687pt x 151.513pt.
Package hyperref Info: Anchor `subsubsection.10' on input line 125.
Package hyperref Info: bookmark on input line 125:
(hyperref)             thecounter {RF 4}
(hyperref)             text {\ifnum 3>\c@secnumdepth \else \protect \numberline {\csname thesubsubsection\endcsname }\fi Annullare una Prenotazione}
(hyperref)             reference {subsubsection.10}
(hyperref)             toclevel {3}
(hyperref)             type {toc}.
<./media//rf4.png, id=277, 355.3275pt x 100.375pt>
File: ./media//rf4.png Graphic file (type png)
<use ./media//rf4.png>
Package pdftex.def Info: ./media//rf4.png  used on input line 130.
(pdftex.def)             Requested size: 355.32661pt x 100.37474pt.
Package hyperref Info: Anchor `subsubsection.11' on input line 137.
Package hyperref Info: bookmark on input line 137:
(hyperref)             thecounter {RF 5}
(hyperref)             text {\ifnum 3>\c@secnumdepth \else \protect \numberline {\csname thesubsubsection\endcsname }\fi Login}
(hyperref)             reference {subsubsection.11}
(hyperref)             toclevel {3}
(hyperref)             type {toc}.
<./media//rf5.png, id=278, 319.1925pt x 82.3075pt>
File: ./media//rf5.png Graphic file (type png)
<use ./media//rf5.png>
Package pdftex.def Info: ./media//rf5.png  used on input line 142.
(pdftex.def)             Requested size: 319.19171pt x 82.30728pt.
Package hyperref Info: Anchor `page.5' on input line 148.
 [5

 <./media//rf3.png> <./media//rf4.png> <./media//rf5.png>]
Package hyperref Info: Anchor `subsubsection.12' on input line 150.
Package hyperref Info: bookmark on input line 150:
(hyperref)             thecounter {RF 6}
(hyperref)             text {\ifnum 3>\c@secnumdepth \else \protect \numberline {\csname thesubsubsection\endcsname }\fi Logout}
(hyperref)             reference {subsubsection.12}
(hyperref)             toclevel {3}
(hyperref)             type {toc}.
<./media//rf6.png, id=286, 394.47375pt x 82.3075pt>
File: ./media//rf6.png Graphic file (type png)
<use ./media//rf6.png>
Package pdftex.def Info: ./media//rf6.png  used on input line 155.
(pdftex.def)             Requested size: 394.47278pt x 82.30728pt.
Package hyperref Info: Anchor `subsubsection.13' on input line 163.
Package hyperref Info: bookmark on input line 163:
(hyperref)             thecounter {RF 8}
(hyperref)             text {\ifnum 3>\c@secnumdepth \else \protect \numberline {\csname thesubsubsection\endcsname }\fi Gestione Account}
(hyperref)             reference {subsubsection.13}
(hyperref)             toclevel {3}
(hyperref)             type {toc}.
<./media//rf8.png, id=287, 403.5075pt x 86.3225pt>
File: ./media//rf8.png Graphic file (type png)
<use ./media//rf8.png>
Package pdftex.def Info: ./media//rf8.png  used on input line 168.
(pdftex.def)             Requested size: 403.50652pt x 86.32227pt.
Package hyperref Info: Anchor `subsubsection.14' on input line 175.
Package hyperref Info: bookmark on input line 175:
(hyperref)             thecounter {RF 9}
(hyperref)             text {\ifnum 3>\c@secnumdepth \else \protect \numberline {\csname thesubsubsection\endcsname }\fi Rimozione Account}
(hyperref)             reference {subsubsection.14}
(hyperref)             toclevel {3}
(hyperref)             type {toc}.
<./media//rf9.png, id=288, 401.5pt x 85.31876pt>
File: ./media//rf9.png Graphic file (type png)
<use ./media//rf9.png>
Package pdftex.def Info: ./media//rf9.png  used on input line 180.
(pdftex.def)             Requested size: 401.49901pt x 85.31853pt.
Package hyperref Info: Anchor `page.6' on input line 186.
 [6

 <./media//rf6.png> <./media//rf8.png> <./media//rf9.png>]
Package hyperref Info: Anchor `subsection.15' on input line 189.
Package hyperref Info: bookmark on input line 189:
(hyperref)             thecounter {1.3}
(hyperref)             text {\ifnum 2>\c@secnumdepth \else \protect \numberline {\csname thesubsection\endcsname }\fi Utente Amministratore}
(hyperref)             reference {subsection.15}
(hyperref)             toclevel {2}
(hyperref)             type {toc}.
Package hyperref Info: Anchor `subsubsection.16' on input line 192.
Package hyperref Info: bookmark on input line 192:
(hyperref)             thecounter {RF 1}
(hyperref)             text {\ifnum 3>\c@secnumdepth \else \protect \numberline {\csname thesubsubsection\endcsname }\fi Visualizzazione Date}
(hyperref)             reference {subsubsection.16}
(hyperref)             toclevel {3}
(hyperref)             type {toc}.
File: ./media//rf1.png Graphic file (type png)
<use ./media//rf1.png>
Package pdftex.def Info: ./media//rf1.png  used on input line 197.
(pdftex.def)             Requested size: 193.72327pt x 82.30728pt.
Package hyperref Info: Anchor `subsubsection.17' on input line 204.
Package hyperref Info: bookmark on input line 204:
(hyperref)             thecounter {RF 3}
(hyperref)             text {\ifnum 3>\c@secnumdepth \else \protect \numberline {\csname thesubsubsection\endcsname }\fi Gestione prenotazioni}
(hyperref)             reference {subsubsection.17}
(hyperref)             toclevel {3}
(hyperref)             type {toc}.
File: ./media//rf3.png Graphic file (type png)
<use ./media//rf3.png>
Package pdftex.def Info: ./media//rf3.png  used on input line 209.
(pdftex.def)             Requested size: 483.69687pt x 151.513pt.
Package hyperref Info: Anchor `subsubsection.18' on input line 216.
Package hyperref Info: bookmark on input line 216:
(hyperref)             thecounter {RF 4}
(hyperref)             text {\ifnum 3>\c@secnumdepth \else \protect \numberline {\csname thesubsubsection\endcsname }\fi Annullare una Prenotazione}
(hyperref)             reference {subsubsection.18}
(hyperref)             toclevel {3}
(hyperref)             type {toc}.
File: ./media//rf4.png Graphic file (type png)
<use ./media//rf4.png>
Package pdftex.def Info: ./media//rf4.png  used on input line 221.
(pdftex.def)             Requested size: 355.32661pt x 100.37474pt.
Package hyperref Info: Anchor `page.7' on input line 227.
 [7

]
Package hyperref Info: Anchor `subsubsection.19' on input line 230.
Package hyperref Info: bookmark on input line 230:
(hyperref)             thecounter {RF 5}
(hyperref)             text {\ifnum 3>\c@secnumdepth \else \protect \numberline {\csname thesubsubsection\endcsname }\fi Login}
(hyperref)             reference {subsubsection.19}
(hyperref)             toclevel {3}
(hyperref)             type {toc}.
File: ./media//rf5.png Graphic file (type png)
<use ./media//rf5.png>
Package pdftex.def Info: ./media//rf5.png  used on input line 235.
(pdftex.def)             Requested size: 319.19171pt x 82.30728pt.
Package hyperref Info: Anchor `subsubsection.20' on input line 242.
Package hyperref Info: bookmark on input line 242:
(hyperref)             thecounter {RF 6}
(hyperref)             text {\ifnum 3>\c@secnumdepth \else \protect \numberline {\csname thesubsubsection\endcsname }\fi Logout}
(hyperref)             reference {subsubsection.20}
(hyperref)             toclevel {3}
(hyperref)             type {toc}.
File: ./media//rf6.png Graphic file (type png)
<use ./media//rf6.png>
Package pdftex.def Info: ./media//rf6.png  used on input line 247.
(pdftex.def)             Requested size: 394.47278pt x 82.30728pt.
Package hyperref Info: Anchor `subsubsection.21' on input line 254.
Package hyperref Info: bookmark on input line 254:
(hyperref)             thecounter {RF 7}
(hyperref)             text {\ifnum 3>\c@secnumdepth \else \protect \numberline {\csname thesubsubsection\endcsname }\fi Creazione Nuovo Account}
(hyperref)             reference {subsubsection.21}
(hyperref)             toclevel {3}
(hyperref)             type {toc}.
<./media//rf7.png, id=302, 317.185pt x 82.3075pt>
File: ./media//rf7.png Graphic file (type png)
<use ./media//rf7.png>
Package pdftex.def Info: ./media//rf7.png  used on input line 259.
(pdftex.def)             Requested size: 317.1842pt x 82.30728pt.
Package hyperref Info: Anchor `page.8' on input line 265.
 [8

 <./media//rf7.png>]
Package hyperref Info: Anchor `subsubsection.22' on input line 268.
Package hyperref Info: bookmark on input line 268:
(hyperref)             thecounter {RF 8}
(hyperref)             text {\ifnum 3>\c@secnumdepth \else \protect \numberline {\csname thesubsubsection\endcsname }\fi Gestione Account}
(hyperref)             reference {subsubsection.22}
(hyperref)             toclevel {3}
(hyperref)             type {toc}.
File: ./media//rf8.png Graphic file (type png)
<use ./media//rf8.png>
Package pdftex.def Info: ./media//rf8.png  used on input line 273.
(pdftex.def)             Requested size: 403.50652pt x 86.32227pt.
Package hyperref Info: Anchor `subsubsection.23' on input line 280.
Package hyperref Info: bookmark on input line 280:
(hyperref)             thecounter {RF 9}
(hyperref)             text {\ifnum 3>\c@secnumdepth \else \protect \numberline {\csname thesubsubsection\endcsname }\fi Rimozione Account}
(hyperref)             reference {subsubsection.23}
(hyperref)             toclevel {3}
(hyperref)             type {toc}.
File: ./media//rf9.png Graphic file (type png)
<use ./media//rf9.png>
Package pdftex.def Info: ./media//rf9.png  used on input line 285.
(pdftex.def)             Requested size: 401.49901pt x 85.31853pt.
Package hyperref Info: Anchor `subsubsection.24' on input line 292.
Package hyperref Info: bookmark on input line 292:
(hyperref)             thecounter {RF 10}
(hyperref)             text {\ifnum 3>\c@secnumdepth \else \protect \numberline {\csname thesubsubsection\endcsname }\fi Modifica Stato Sala}
(hyperref)             reference {subsubsection.24}
(hyperref)             toclevel {3}
(hyperref)             type {toc}.
<./media//rf10.png, id=308, 387.4475pt x 82.3075pt>
File: ./media//rf10.png Graphic file (type png)
<use ./media//rf10.png>
Package pdftex.def Info: ./media//rf10.png  used on input line 297.
(pdftex.def)             Requested size: 387.44655pt x 82.30728pt.
Package hyperref Info: Anchor `page.9' on input line 303.
 [9

 <./media//rf10.png>]
Package hyperref Info: Anchor `subsection.25' on input line 305.
Package hyperref Info: bookmark on input line 305:
(hyperref)             thecounter {1.4}
(hyperref)             text {\ifnum 2>\c@secnumdepth \else \protect \numberline {\csname thesubsection\endcsname }\fi Servizio di Notifica SMS/Email}
(hyperref)             reference {subsection.25}
(hyperref)             toclevel {2}
(hyperref)             type {toc}.
Package hyperref Info: Anchor `subsubsection.26' on input line 308.
Package hyperref Info: bookmark on input line 308:
(hyperref)             thecounter {RF 11}
(hyperref)             text {\ifnum 3>\c@secnumdepth \else \protect \numberline {\csname thesubsubsection\endcsname }\fi Notifica Prenotazione}
(hyperref)             reference {subsubsection.26}
(hyperref)             toclevel {3}
(hyperref)             type {toc}.
<./media//rf11.png, id=314, 375.4025pt x 142.5325pt>
File: ./media//rf11.png Graphic file (type png)
<use ./media//rf11.png>
Package pdftex.def Info: ./media//rf11.png  used on input line 313.
(pdftex.def)             Requested size: 375.40158pt x 142.53214pt.
Package hyperref Info: Anchor `page.10' on input line 318.
 [10

 <./media//rf11.png>]
Package hyperref Info: Anchor `section.27' on input line 322.
Package hyperref Info: bookmark on input line 322:
(hyperref)             thecounter {2}
(hyperref)             text {\ifnum 1>\c@secnumdepth \else \protect \numberline {\csname thesection\endcsname }\fi Requisiti Non Funzionali}
(hyperref)             reference {section.27}
(hyperref)             toclevel {1}
(hyperref)             type {toc}.
Package hyperref Info: Anchor `subsubsection.28' on input line 329.


Package hyperref Warning: Difference (2) between bookmark levels is greater 
(hyperref)                than one, level fixed on input line 329.

Package hyperref Info: bookmark on input line 329:
(hyperref)             thecounter {RNF 1}
(hyperref)             text {\ifnum 3>\c@secnumdepth \else \protect \numberline {\csname thesubsubsection\endcsname }\fi Privacy}
(hyperref)             reference {subsubsection.28}
(hyperref)             toclevel {3}
(hyperref)             type {toc}.
Package hyperref Info: Anchor `subsubsection.29' on input line 353.
Package hyperref Info: bookmark on input line 353:
(hyperref)             thecounter {RNF 2}
(hyperref)             text {\ifnum 3>\c@secnumdepth \else \protect \numberline {\csname thesubsubsection\endcsname }\fi Sicurezza}
(hyperref)             reference {subsubsection.29}
(hyperref)             toclevel {3}
(hyperref)             type {toc}.
Package hyperref Info: Anchor `subsubsection.30' on input line 373.
Package hyperref Info: bookmark on input line 373:
(hyperref)             thecounter {RNF 3}
(hyperref)             text {\ifnum 3>\c@secnumdepth \else \protect \numberline {\csname thesubsubsection\endcsname }\fi Scalabilit}
(hyperref)             reference {subsubsection.30}
(hyperref)             toclevel {3}
(hyperref)             type {toc}.
Package hyperref Info: Anchor `subsubsection.31' on input line 387.
Package hyperref Info: bookmark on input line 387:
(hyperref)             thecounter {RNF 4}
(hyperref)             text {\ifnum 3>\c@secnumdepth \else \protect \numberline {\csname thesubsubsection\endcsname }\fi Affidabilit}
(hyperref)             reference {subsubsection.31}
(hyperref)             toclevel {3}
(hyperref)             type {toc}.
Package hyperref Info: Anchor `subsubsection.32' on input line 404.
Package hyperref Info: bookmark on input line 404:
(hyperref)             thecounter {RNF 5}
(hyperref)             text {\ifnum 3>\c@secnumdepth \else \protect \numberline {\csname thesubsubsection\endcsname }\fi Resilienza}
(hyperref)             reference {subsubsection.32}
(hyperref)             toclevel {3}
(hyperref)             type {toc}.
Package hyperref Info: Anchor `page.11' on input line 418.
[11

]
Package hyperref Info: Anchor `subsubsection.33' on input line 420.
Package hyperref Info: bookmark on input line 420:
(hyperref)             thecounter {RNF 6}
(hyperref)             text {\ifnum 3>\c@secnumdepth \else \protect \numberline {\csname thesubsubsection\endcsname }\fi Accessibilit}
(hyperref)             reference {subsubsection.33}
(hyperref)             toclevel {3}
(hyperref)             type {toc}.
Package hyperref Info: Anchor `subsubsection.34' on input line 441.
Package hyperref Info: bookmark on input line 441:
(hyperref)             thecounter {RNF 7}
(hyperref)             text {\ifnum 3>\c@secnumdepth \else \protect \numberline {\csname thesubsubsection\endcsname }\fi Monitoraggio}
(hyperref)             reference {subsubsection.34}
(hyperref)             toclevel {3}
(hyperref)             type {toc}.
Package hyperref Info: Anchor `subsubsection.35' on input line 459.
Package hyperref Info: bookmark on input line 459:
(hyperref)             thecounter {RNF 8}
(hyperref)             text {\ifnum 3>\c@secnumdepth \else \protect \numberline {\csname thesubsubsection\endcsname }\fi Multilingua}
(hyperref)             reference {subsubsection.35}
(hyperref)             toclevel {3}
(hyperref)             type {toc}.
Package hyperref Info: Anchor `page.12' on input line 473.
 [12

]
Package hyperref Info: Anchor `section.36' on input line 476.
Package hyperref Info: bookmark on input line 476:
(hyperref)             thecounter {3}
(hyperref)             text {\ifnum 1>\c@secnumdepth \else \protect \numberline {\csname thesection\endcsname }\fi Analisi del Contesto}
(hyperref)             reference {section.36}
(hyperref)             toclevel {1}
(hyperref)             type {toc}.
Package hyperref Info: Anchor `subsection.37' on input line 483.
Package hyperref Info: bookmark on input line 483:
(hyperref)             thecounter {3.1}
(hyperref)             text {\ifnum 2>\c@secnumdepth \else \protect \numberline {\csname thesubsection\endcsname }\fi Utenti e Sistemi esterni}
(hyperref)             reference {subsection.37}
(hyperref)             toclevel {2}
(hyperref)             type {toc}.
Package hyperref Info: Anchor `subsection.38' on input line 495.
Package hyperref Info: bookmark on input line 495:
(hyperref)             thecounter {3.2}
(hyperref)             text {\ifnum 2>\c@secnumdepth \else \protect \numberline {\csname thesubsection\endcsname }\fi Diagramma di contesto}
(hyperref)             reference {subsection.38}
(hyperref)             toclevel {2}
(hyperref)             type {toc}.
<./media//context-diag.png, id=328, 1759.57375pt x 1243.64626pt>
File: ./media//context-diag.png Graphic file (type png)
<use ./media//context-diag.png>
Package pdftex.def Info: ./media//context-diag.png  used on input line 501.
(pdftex.def)             Requested size: 483.69687pt x 341.86145pt.
Package hyperref Info: Anchor `page.13' on input line 508.
 [13

 <./media//context-diag.png>]
Package hyperref Info: Anchor `section.39' on input line 511.
Package hyperref Info: bookmark on input line 511:
(hyperref)             thecounter {4}
(hyperref)             text {\ifnum 1>\c@secnumdepth \else \protect \numberline {\csname thesection\endcsname }\fi Analisi dei Componenti}
(hyperref)             reference {section.39}
(hyperref)             toclevel {1}
(hyperref)             type {toc}.
Package hyperref Info: Anchor `subsection.40' on input line 512.
Package hyperref Info: bookmark on input line 512:
(hyperref)             thecounter {4.1}
(hyperref)             text {\ifnum 2>\c@secnumdepth \else \protect \numberline {\csname thesubsection\endcsname }\fi Definizione dei componenti}
(hyperref)             reference {subsection.40}
(hyperref)             toclevel {2}
(hyperref)             type {toc}.
Package hyperref Info: Anchor `subsection.41' on input line 514.
Package hyperref Info: bookmark on input line 514:
(hyperref)             thecounter {4.2}
(hyperref)             text {\ifnum 2>\c@secnumdepth \else \protect \numberline {\csname thesubsection\endcsname }\fi Diagramma dei componenti}
(hyperref)             reference {subsection.41}
(hyperref)             toclevel {2}
(hyperref)             type {toc}.
<./media//interface.png, id=335, 1295.84125pt x 917.4275pt>
File: ./media//interface.png Graphic file (type png)
<use ./media//interface.png>
Package pdftex.def Info: ./media//interface.png  used on input line 518.
(pdftex.def)             Requested size: 483.69687pt x 342.4526pt.
Package hyperref Info: Anchor `page.14' on input line 521.
 [14

 <./media//interface.png>] (./doc.aux)

LaTeX Warning: There were multiply-defined labels.

Package rerunfilecheck Info: File `doc.out' has not changed.
(rerunfilecheck)             Checksum: DAB254122F5A02FF4DBFB56C2959C80B;6026.
 ) 
Here is how much of TeX's memory you used:
 20717 strings out of 478238
 382191 string characters out of 5850456
 659883 words of memory out of 5000000
 38537 multiletter control sequences out of 15000+600000
 478071 words of font info for 62 fonts, out of 8000000 for 9000
 1141 hyphenation exceptions out of 8191
 84i,12n,80p,650b,327s stack positions out of 5000i,500n,10000p,200000b,80000s
{/usr/share/texmf-dist/fonts/enc/dvips/cm-super/cm-super-ts1.enc}</usr/share/texmf-dist/fonts/type1/public/amsfonts/cm/cmbx10.pfb></usr/share/texmf-dist/fonts/type1/public/amsfonts/cm/cmbx12.pfb></usr/share/texmf-dist/fonts/type1/public/amsfonts/cm/cmr10.pfb></usr/share/texmf-dist/fonts/type1/public/amsfonts/cm/cmr12.pfb></usr/share/texmf-dist/fonts/type1/public/cm-super/sfrm1000.pfb>
Output written on doc.pdf (14 pages, 481070 bytes).
PDF statistics:
 381 PDF objects out of 1000 (max. 8388607)
 325 compressed objects within 4 object streams
 56 named destinations out of 1000 (max. 500000)
 398 words of extra memory for PDF output out of 10000 (max. 10000000)

