\BOOKMARK [1][-]{section.2}{\376\377\000S\000c\000o\000p\000o\000\040\000d\000e\000l\000\040\000d\000o\000c\000u\000m\000e\000n\000t\000o}{}% 1
\BOOKMARK [1][-]{section.3}{\376\377\000R\000e\000q\000u\000i\000s\000i\000t\000i\000\040\000F\000u\000n\000z\000i\000o\000n\000a\000l\000i}{}% 2
\BOOKMARK [2][-]{subsubsection.4}{\376\377\000V\000i\000s\000u\000a\000l\000i\000z\000z\000a\000z\000i\000o\000n\000e\000\040\000D\000a\000t\000e}{section.3}% 3
\BOOKMARK [3][-]{subsubsection.5}{\376\377\000P\000r\000e\000n\000o\000t\000a\000z\000i\000o\000n\000e\000\040\000S\000a\000l\000a}{subsubsection.4}% 4
\BOOKMARK [3][-]{subsubsection.6}{\376\377\000G\000e\000s\000t\000i\000o\000n\000e\000\040\000p\000r\000e\000n\000o\000t\000a\000z\000i\000o\000n\000i}{subsubsection.4}% 5
\BOOKMARK [3][-]{subsubsection.7}{\376\377\000A\000n\000n\000u\000l\000l\000a\000r\000e\000\040\000u\000n\000a\000\040\000P\000r\000e\000n\000o\000t\000a\000z\000i\000o\000n\000e}{subsubsection.4}% 6
\BOOKMARK [3][-]{subsubsection.8}{\376\377\000L\000o\000g\000i\000n}{subsubsection.4}% 7
\BOOKMARK [3][-]{subsubsection.9}{\376\377\000L\000o\000g\000o\000u\000t}{subsubsection.4}% 8
\BOOKMARK [3][-]{subsubsection.10}{\376\377\000C\000r\000e\000a\000z\000i\000o\000n\000e\000\040\000N\000u\000o\000v\000o\000\040\000A\000c\000c\000o\000u\000n\000t}{subsubsection.4}% 9
\BOOKMARK [3][-]{subsubsection.11}{\376\377\000G\000e\000s\000t\000i\000o\000n\000e\000\040\000A\000c\000c\000o\000u\000n\000t}{subsubsection.4}% 10
\BOOKMARK [3][-]{subsubsection.12}{\376\377\000R\000i\000m\000o\000z\000i\000o\000n\000e\000\040\000A\000c\000c\000o\000u\000n\000t}{subsubsection.4}% 11
\BOOKMARK [3][-]{subsubsection.13}{\376\377\000M\000o\000d\000i\000f\000i\000c\000a\000\040\000S\000t\000a\000t\000o\000\040\000S\000a\000l\000a}{subsubsection.4}% 12
\BOOKMARK [3][-]{subsubsection.14}{\376\377\000N\000o\000t\000i\000f\000i\000c\000a\000\040\000P\000r\000e\000n\000o\000t\000a\000z\000i\000o\000n\000e}{subsubsection.4}% 13
\BOOKMARK [1][-]{section.15}{\376\377\000R\000e\000q\000u\000i\000s\000i\000t\000i\000\040\000N\000o\000n\000\040\000F\000u\000n\000z\000i\000o\000n\000a\000l\000i}{}% 14
\BOOKMARK [2][-]{subsubsection.16}{\376\377\000P\000r\000i\000v\000a\000c\000y}{section.15}% 15
\BOOKMARK [3][-]{subsubsection.17}{\376\377\000S\000i\000c\000u\000r\000e\000z\000z\000a}{subsubsection.16}% 16
\BOOKMARK [3][-]{subsubsection.18}{\376\377\000S\000c\000a\000l\000a\000b\000i\000l\000i\000t\000\340}{subsubsection.16}% 17
\BOOKMARK [3][-]{subsubsection.19}{\376\377\000A\000f\000f\000i\000d\000a\000b\000i\000l\000i\000t\000\340}{subsubsection.16}% 18
\BOOKMARK [3][-]{subsubsection.20}{\376\377\000R\000e\000s\000i\000l\000i\000e\000n\000z\000a}{subsubsection.16}% 19
\BOOKMARK [3][-]{subsubsection.21}{\376\377\000A\000c\000c\000e\000s\000s\000i\000b\000i\000l\000i\000t\000\340}{subsubsection.16}% 20
\BOOKMARK [3][-]{subsubsection.22}{\376\377\000M\000o\000n\000i\000t\000o\000r\000a\000g\000g\000i\000o}{subsubsection.16}% 21
\BOOKMARK [3][-]{subsubsection.23}{\376\377\000M\000u\000l\000t\000i\000l\000i\000n\000g\000u\000a}{subsubsection.16}% 22
\BOOKMARK [1][-]{section.24}{\376\377\000A\000n\000a\000l\000i\000s\000i\000\040\000d\000e\000l\000\040\000C\000o\000n\000t\000e\000s\000t\000o}{}% 23
\BOOKMARK [2][-]{subsection.25}{\376\377\000U\000t\000e\000n\000t\000i\000\040\000e\000\040\000S\000i\000s\000t\000e\000m\000i\000\040\000e\000s\000t\000e\000r\000n\000i}{section.24}% 24
\BOOKMARK [2][-]{subsection.26}{\376\377\000D\000i\000a\000g\000r\000a\000m\000m\000a\000\040\000d\000i\000\040\000c\000o\000n\000t\000e\000s\000t\000o}{section.24}% 25
\BOOKMARK [1][-]{section.27}{\376\377\000A\000n\000a\000l\000i\000s\000i\000\040\000d\000e\000i\000\040\000C\000o\000m\000p\000o\000n\000e\000n\000t\000i}{}% 26
\BOOKMARK [2][-]{subsection.28}{\376\377\000D\000e\000f\000i\000n\000i\000z\000i\000o\000n\000e\000\040\000d\000e\000i\000\040\000c\000o\000m\000p\000o\000n\000e\000n\000t\000i}{section.27}% 27
\BOOKMARK [2][-]{subsection.29}{\376\377\000D\000i\000a\000g\000r\000a\000m\000m\000a\000\040\000d\000e\000i\000\040\000c\000o\000m\000p\000o\000n\000e\000n\000t\000i}{section.27}% 28
